\BOOKMARK [0][-]{chapter*.1}{\376\377\000A\000g\000r\000a\000d\000e\000c\000i\000m\000i\000e\000n\000t\000o\000s}{}% 1
\BOOKMARK [0][-]{chapter*.2}{\376\377\000R\000e\000s\000u\000m\000e\000n\000\040\000E\000j\000e\000c\000u\000t\000i\000v\000o}{}% 2
\BOOKMARK [0][-]{chapter.1}{\376\377\000V\000i\000s\000i\000\363\000n\000\040\000g\000e\000n\000e\000r\000a\000l\000\040\000d\000e\000l\000\040\000p\000r\000o\000y\000e\000c\000t\000o}{}% 3
\BOOKMARK [1][-]{section.1.1}{\376\377\000M\000o\000t\000i\000v\000a\000c\000i\000\363\000n}{chapter.1}% 4
\BOOKMARK [1][-]{section.1.2}{\376\377\000O\000b\000j\000e\000t\000i\000v\000o\000s}{chapter.1}% 5
\BOOKMARK [2][-]{subsection.1.2.1}{\376\377\000O\000b\000j\000e\000t\000i\000v\000o\000\040\000G\000e\000n\000e\000r\000a\000l}{section.1.2}% 6
\BOOKMARK [2][-]{subsection.1.2.2}{\376\377\000O\000b\000j\000e\000t\000i\000v\000o\000s\000\040\000E\000s\000p\000e\000c\000\355\000f\000i\000c\000o\000s}{section.1.2}% 7
\BOOKMARK [1][-]{section.1.3}{\376\377\000A\000l\000c\000a\000n\000c\000e}{chapter.1}% 8
\BOOKMARK [2][-]{subsection.1.3.1}{\376\377\000A\000l\000c\000a\000n\000c\000e\000\040\000F\000u\000n\000c\000i\000o\000n\000a\000l}{section.1.3}% 9
\BOOKMARK [2][-]{subsection.1.3.2}{\376\377\000A\000l\000c\000a\000n\000c\000e\000\040\000T\000\351\000c\000n\000i\000c\000o}{section.1.3}% 10
\BOOKMARK [2][-]{subsection.1.3.3}{\376\377\000A\000l\000c\000a\000n\000c\000e\000\040\000T\000e\000m\000p\000o\000r\000a\000l}{section.1.3}% 11
\BOOKMARK [1][-]{section.1.4}{\376\377\000V\000i\000s\000i\000\363\000n\000\040\000g\000e\000n\000e\000r\000a\000l\000\040\000d\000e\000l\000\040\000d\000o\000c\000u\000m\000e\000n\000t\000o}{chapter.1}% 12
\BOOKMARK [1][-]{section.1.5}{\376\377\000E\000s\000t\000a\000n\000d\000a\000r\000i\000z\000a\000c\000i\000\363\000n\000\040\000d\000e\000l\000\040\000d\000o\000c\000u\000m\000e\000n\000t\000o}{chapter.1}% 13
\BOOKMARK [2][-]{subsection.1.5.1}{\376\377\000N\000o\000r\000m\000a\000s\000\040\000a\000p\000l\000i\000c\000a\000d\000a\000s}{section.1.5}% 14
\BOOKMARK [2][-]{subsection.1.5.2}{\376\377\000C\000o\000n\000v\000e\000n\000c\000i\000o\000n\000e\000s\000\040\000d\000e\000l\000\040\000d\000o\000c\000u\000m\000e\000n\000t\000o}{section.1.5}% 15
\BOOKMARK [1][-]{section.1.6}{\376\377\000A\000c\000r\000\363\000n\000i\000m\000o\000s}{chapter.1}% 16
\BOOKMARK [1][-]{section.1.7}{\376\377\000D\000e\000f\000i\000n\000i\000c\000i\000o\000n\000e\000s}{chapter.1}% 17
\BOOKMARK [0][-]{chapter.2}{\376\377\000C\000o\000n\000t\000e\000x\000t\000o\000\040\000d\000e\000l\000\040\000p\000r\000o\000y\000e\000c\000t\000o}{}% 18
\BOOKMARK [1][-]{section.2.1}{\376\377\000D\000e\000s\000c\000r\000i\000p\000c\000i\000\363\000n\000\040\000g\000e\000n\000e\000r\000a\000l\000\040\000d\000e\000l\000\040\000p\000r\000o\000y\000e\000c\000t\000o}{chapter.2}% 19
\BOOKMARK [1][-]{section.2.2}{\376\377\000C\000a\000r\000a\000c\000t\000e\000r\000\355\000s\000t\000i\000c\000a\000s\000\040\000d\000e\000l\000\040\000u\000s\000u\000a\000r\000i\000o}{chapter.2}% 20
\BOOKMARK [2][-]{subsection.2.2.1}{\376\377\000E\000s\000t\000u\000d\000i\000a\000n\000t\000e}{section.2.2}% 21
\BOOKMARK [2][-]{subsection.2.2.2}{\376\377\000P\000r\000o\000f\000e\000s\000o\000r\000/\000T\000u\000t\000o\000r}{section.2.2}% 22
\BOOKMARK [2][-]{subsection.2.2.3}{\376\377\000P\000r\000e\000s\000i\000d\000e\000n\000t\000e\000\040\000d\000e\000l\000\040\000T\000r\000i\000b\000u\000n\000a\000l}{section.2.2}% 23
\BOOKMARK [2][-]{subsection.2.2.4}{\376\377\000A\000d\000m\000i\000n\000i\000s\000t\000r\000a\000d\000o\000r}{section.2.2}% 24
\BOOKMARK [1][-]{section.2.3}{\376\377\000M\000o\000d\000e\000l\000o\000\040\000d\000e\000\040\000c\000i\000c\000l\000o\000\040\000d\000e\000\040\000v\000i\000d\000a}{chapter.2}% 25
\BOOKMARK [2][-]{subsection.2.3.1}{\376\377\000M\000e\000t\000o\000d\000o\000l\000o\000g\000\355\000a\000\040\000d\000e\000\040\000d\000e\000s\000a\000r\000r\000o\000l\000l\000o}{section.2.3}% 26
\BOOKMARK [2][-]{subsection.2.3.2}{\376\377\000F\000a\000s\000e\000s\000\040\000d\000e\000l\000\040\000p\000r\000o\000y\000e\000c\000t\000o}{section.2.3}% 27
\BOOKMARK [1][-]{section.2.4}{\376\377\000T\000e\000c\000n\000o\000l\000o\000g\000\355\000a\000s}{chapter.2}% 28
\BOOKMARK [2][-]{subsection.2.4.1}{\376\377\000R\000e\000a\000c\000t\000\040\0001\0009}{section.2.4}% 29
\BOOKMARK [2][-]{subsection.2.4.2}{\376\377\000S\000y\000m\000f\000o\000n\000y\000\040\0006\000.\0004\000\040\000L\000T\000S}{section.2.4}% 30
\BOOKMARK [2][-]{subsection.2.4.3}{\376\377\000M\000y\000S\000Q\000L\000\040\0008\000.\0000}{section.2.4}% 31
\BOOKMARK [2][-]{subsection.2.4.4}{\376\377\000J\000W\000T\000\040\000A\000u\000t\000h\000e\000n\000t\000i\000c\000a\000t\000i\000o\000n\000\040\000\050\000L\000e\000x\000i\000k\000J\000W\000T\000A\000u\000t\000h\000e\000n\000t\000i\000c\000a\000t\000i\000o\000n\000B\000u\000n\000d\000l\000e\000\051}{section.2.4}% 32
\BOOKMARK [2][-]{subsection.2.4.5}{\376\377\000F\000u\000l\000l\000C\000a\000l\000e\000n\000d\000a\000r\000.\000j\000s}{section.2.4}% 33
\BOOKMARK [2][-]{subsection.2.4.6}{\376\377\000T\000a\000i\000l\000w\000i\000n\000d\000\040\000C\000S\000S\000\040\000v\0004}{section.2.4}% 34
\BOOKMARK [2][-]{subsection.2.4.7}{\376\377\000D\000D\000E\000V}{section.2.4}% 35
\BOOKMARK [1][-]{section.2.5}{\376\377\000L\000e\000n\000g\000u\000a\000j\000e\000s}{chapter.2}% 36
\BOOKMARK [2][-]{subsection.2.5.1}{\376\377\000J\000a\000v\000a\000S\000c\000r\000i\000p\000t\000/\000T\000y\000p\000e\000S\000c\000r\000i\000p\000t}{section.2.5}% 37
\BOOKMARK [2][-]{subsection.2.5.2}{\376\377\000P\000H\000P\000\040\0008\000.\0002\000+}{section.2.5}% 38
\BOOKMARK [2][-]{subsection.2.5.3}{\376\377\000S\000Q\000L}{section.2.5}% 39
\BOOKMARK [2][-]{subsection.2.5.4}{\376\377\000H\000T\000M\000L\000/\000C\000S\000S}{section.2.5}% 40
\BOOKMARK [1][-]{section.2.6}{\376\377\000H\000e\000r\000r\000a\000m\000i\000e\000n\000t\000a\000s}{chapter.2}% 41
\BOOKMARK [2][-]{subsection.2.6.1}{\376\377\000V\000i\000s\000u\000a\000l\000\040\000S\000t\000u\000d\000i\000o\000\040\000C\000o\000d\000e}{section.2.6}% 42
\BOOKMARK [2][-]{subsection.2.6.2}{\376\377\000V\000i\000t\000e}{section.2.6}% 43
\BOOKMARK [2][-]{subsection.2.6.3}{\376\377\000C\000o\000m\000p\000o\000s\000e\000r}{section.2.6}% 44
\BOOKMARK [2][-]{subsection.2.6.4}{\376\377\000D\000o\000c\000k\000e\000r\000\040\000/\000\040\000D\000D\000E\000V}{section.2.6}% 45
\BOOKMARK [2][-]{subsection.2.6.5}{\376\377\000G\000i\000t\000\040\000/\000\040\000G\000i\000t\000H\000u\000b}{section.2.6}% 46
\BOOKMARK [0][-]{chapter.3}{\376\377\000P\000l\000a\000n\000i\000f\000i\000c\000a\000c\000i\000\363\000n}{}% 47
\BOOKMARK [1][-]{section.3.1}{\376\377\000I\000n\000i\000c\000i\000a\000c\000i\000\363\000n\000\040\000d\000e\000l\000\040\000p\000r\000o\000y\000e\000c\000t\000o}{chapter.3}% 48
\BOOKMARK [2][-]{subsection.3.1.1}{\376\377\000C\000o\000n\000t\000e\000x\000t\000o\000\040\000d\000e\000\040\000i\000n\000i\000c\000i\000o}{section.3.1}% 49
\BOOKMARK [2][-]{subsection.3.1.2}{\376\377\000A\000n\000\341\000l\000i\000s\000i\000s\000\040\000d\000e\000\040\000v\000i\000a\000b\000i\000l\000i\000d\000a\000d}{section.3.1}% 50
\BOOKMARK [2][-]{subsection.3.1.3}{\376\377\000D\000e\000f\000i\000n\000i\000c\000i\000\363\000n\000\040\000d\000e\000l\000\040\000a\000l\000c\000a\000n\000c\000e\000\040\000i\000n\000i\000c\000i\000a\000l}{section.3.1}% 51
\BOOKMARK [1][-]{section.3.2}{\376\377\000I\000t\000e\000r\000a\000c\000i\000o\000n\000e\000s\000\040\000d\000e\000l\000\040\000p\000r\000o\000c\000e\000s\000o\000\040\000d\000e\000\040\000d\000e\000s\000a\000r\000r\000o\000l\000l\000o}{chapter.3}% 52
\BOOKMARK [2][-]{subsection.3.2.1}{\376\377\000F\000a\000s\000e\000\040\0001\000-\0002\000:\000\040\000S\000e\000t\000u\000p\000\040\000i\000n\000i\000c\000i\000a\000l\000\040\000y\000\040\000a\000u\000t\000e\000n\000t\000i\000c\000a\000c\000i\000\363\000n\000\040\000\050\000S\000e\000m\000a\000n\000a\000s\000\040\0001\000-\0002\000\051}{section.3.2}% 53
\BOOKMARK [2][-]{subsection.3.2.2}{\376\377\000F\000a\000s\000e\000\040\0003\000:\000\040\000M\000\363\000d\000u\000l\000o\000\040\000d\000e\000\040\000e\000s\000t\000u\000d\000i\000a\000n\000t\000e\000\040\000\050\000S\000e\000m\000a\000n\000a\000s\000\040\0003\000-\0004\000\051}{section.3.2}% 54
\BOOKMARK [2][-]{subsection.3.2.3}{\376\377\000F\000a\000s\000e\000\040\0004\000:\000\040\000M\000\363\000d\000u\000l\000o\000\040\000d\000e\000\040\000p\000r\000o\000f\000e\000s\000o\000r\000\040\000\050\000S\000e\000m\000a\000n\000a\000s\000\040\0004\000-\0005\000\051}{section.3.2}% 55
\BOOKMARK [2][-]{subsection.3.2.4}{\376\377\000F\000a\000s\000e\000\040\0005\000:\000\040\000S\000i\000s\000t\000e\000m\000a\000\040\000d\000e\000\040\000d\000e\000f\000e\000n\000s\000a\000s\000\040\000y\000\040\000c\000a\000l\000e\000n\000d\000a\000r\000i\000o\000\040\000\050\000S\000e\000m\000a\000n\000a\000s\000\040\0005\000-\0006\000\051}{section.3.2}% 56
\BOOKMARK [2][-]{subsection.3.2.5}{\376\377\000F\000a\000s\000e\000\040\0006\000:\000\040\000P\000a\000n\000e\000l\000\040\000a\000d\000m\000i\000n\000i\000s\000t\000r\000a\000t\000i\000v\000o\000\040\000\050\000S\000e\000m\000a\000n\000a\000s\000\040\0006\000-\0007\000\051}{section.3.2}% 57
\BOOKMARK [2][-]{subsection.3.2.6}{\376\377\000F\000a\000s\000e\000\040\0007\000:\000\040\000B\000a\000c\000k\000e\000n\000d\000\040\000S\000y\000m\000f\000o\000n\000y\000\040\000\050\000S\000e\000m\000a\000n\000a\000s\000\040\0007\000-\0009\000\051}{section.3.2}% 58
\BOOKMARK [2][-]{subsection.3.2.7}{\376\377\000F\000a\000s\000e\000\040\0008\000:\000\040\000P\000u\000l\000i\000m\000i\000e\000n\000t\000o\000\040\000f\000i\000n\000a\000l\000\040\000\050\000S\000e\000m\000a\000n\000a\000s\000\040\0009\000-\0001\0000\000\051}{section.3.2}% 59
\BOOKMARK [1][-]{section.3.3}{\376\377\000D\000i\000a\000g\000r\000a\000m\000a\000\040\000d\000e\000\040\000G\000a\000n\000t\000t}{chapter.3}% 60
\BOOKMARK [2][-]{subsection.3.3.1}{\376\377\000C\000r\000o\000n\000o\000g\000r\000a\000m\000a\000\040\000g\000e\000n\000e\000r\000a\000l\000\040\000d\000e\000l\000\040\000p\000r\000o\000y\000e\000c\000t\000o}{section.3.3}% 61
\BOOKMARK [2][-]{subsection.3.3.2}{\376\377\000H\000i\000t\000o\000s\000\040\000p\000r\000i\000n\000c\000i\000p\000a\000l\000e\000s\000\040\000y\000\040\000d\000e\000p\000e\000n\000d\000e\000n\000c\000i\000a\000s}{section.3.3}% 62
\BOOKMARK [0][-]{chapter.4}{\376\377\000A\000n\000\341\000l\000i\000s\000i\000s\000\040\000d\000e\000l\000\040\000s\000i\000s\000t\000e\000m\000a}{}% 63
\BOOKMARK [1][-]{section.4.1}{\376\377\000E\000s\000p\000e\000c\000i\000f\000i\000c\000a\000c\000i\000\363\000n\000\040\000d\000e\000\040\000r\000e\000q\000u\000i\000s\000i\000t\000o\000s}{chapter.4}% 64
\BOOKMARK [2][-]{subsection.4.1.1}{\376\377\000R\000e\000q\000u\000i\000s\000i\000t\000o\000s\000\040\000d\000e\000\040\000i\000n\000f\000o\000r\000m\000a\000c\000i\000\363\000n}{section.4.1}% 65
\BOOKMARK [3][-]{subsubsection.4.1.1.1}{\376\377\000E\000n\000t\000i\000d\000a\000d\000\040\000U\000s\000u\000a\000r\000i\000o}{subsection.4.1.1}% 66
\BOOKMARK [3][-]{subsubsection.4.1.1.2}{\376\377\000E\000n\000t\000i\000d\000a\000d\000\040\000T\000F\000G}{subsection.4.1.1}% 67
\BOOKMARK [3][-]{subsubsection.4.1.1.3}{\376\377\000E\000n\000t\000i\000d\000a\000d\000\040\000T\000r\000i\000b\000u\000n\000a\000l}{subsection.4.1.1}% 68
\BOOKMARK [3][-]{subsubsection.4.1.1.4}{\376\377\000E\000n\000t\000i\000d\000a\000d\000\040\000D\000e\000f\000e\000n\000s\000a}{subsection.4.1.1}% 69
\BOOKMARK [2][-]{subsection.4.1.2}{\376\377\000R\000e\000q\000u\000i\000s\000i\000t\000o\000s\000\040\000f\000u\000n\000c\000i\000o\000n\000a\000l\000e\000s}{section.4.1}% 70
\BOOKMARK [3][-]{subsubsection.4.1.2.1}{\376\377\000R\000e\000q\000u\000i\000s\000i\000t\000o\000s\000\040\000f\000u\000n\000c\000i\000o\000n\000a\000l\000e\000s\000\040\000-\000\040\000E\000s\000t\000u\000d\000i\000a\000n\000t\000e}{subsection.4.1.2}% 71
\BOOKMARK [3][-]{subsubsection.4.1.2.2}{\376\377\000R\000e\000q\000u\000i\000s\000i\000t\000o\000s\000\040\000f\000u\000n\000c\000i\000o\000n\000a\000l\000e\000s\000\040\000-\000\040\000P\000r\000o\000f\000e\000s\000o\000r}{subsection.4.1.2}% 72
\BOOKMARK [3][-]{subsubsection.4.1.2.3}{\376\377\000R\000e\000q\000u\000i\000s\000i\000t\000o\000s\000\040\000f\000u\000n\000c\000i\000o\000n\000a\000l\000e\000s\000\040\000-\000\040\000P\000r\000e\000s\000i\000d\000e\000n\000t\000e\000\040\000d\000e\000\040\000T\000r\000i\000b\000u\000n\000a\000l}{subsection.4.1.2}% 73
\BOOKMARK [3][-]{subsubsection.4.1.2.4}{\376\377\000R\000e\000q\000u\000i\000s\000i\000t\000o\000s\000\040\000f\000u\000n\000c\000i\000o\000n\000a\000l\000e\000s\000\040\000-\000\040\000A\000d\000m\000i\000n\000i\000s\000t\000r\000a\000d\000o\000r}{subsection.4.1.2}% 74
\BOOKMARK [2][-]{subsection.4.1.3}{\376\377\000D\000i\000a\000g\000r\000a\000m\000a\000\040\000d\000e\000\040\000c\000a\000s\000o\000s\000\040\000d\000e\000\040\000u\000s\000o}{section.4.1}% 75
\BOOKMARK [2][-]{subsection.4.1.4}{\376\377\000D\000e\000s\000c\000r\000i\000p\000c\000i\000\363\000n\000\040\000d\000e\000\040\000c\000a\000s\000o\000s\000\040\000d\000e\000\040\000u\000s\000o}{section.4.1}% 76
\BOOKMARK [3][-]{subsubsection.4.1.4.1}{\376\377\000U\000C\0000\0000\0001\000\040\000-\000\040\000C\000r\000e\000a\000r\000\040\000T\000F\000G}{subsection.4.1.4}% 77
\BOOKMARK [3][-]{subsubsection.4.1.4.2}{\376\377\000U\000C\0000\0000\0005\000\040\000-\000\040\000R\000e\000v\000i\000s\000a\000r\000\040\000T\000F\000G}{subsection.4.1.4}% 78
\BOOKMARK [3][-]{subsubsection.4.1.4.3}{\376\377\000U\000C\0000\0001\0000\000\040\000-\000\040\000P\000r\000o\000g\000r\000a\000m\000a\000r\000\040\000d\000e\000f\000e\000n\000s\000a}{subsection.4.1.4}% 79
\BOOKMARK [2][-]{subsection.4.1.5}{\376\377\000D\000i\000a\000g\000r\000a\000m\000a\000s\000\040\000d\000e\000\040\000s\000e\000c\000u\000e\000n\000c\000i\000a}{section.4.1}% 80
\BOOKMARK [3][-]{subsubsection.4.1.5.1}{\376\377\000S\000e\000c\000u\000e\000n\000c\000i\000a\000:\000\040\000S\000u\000b\000i\000d\000a\000\040\000d\000e\000\040\000a\000r\000c\000h\000i\000v\000o\000\040\000T\000F\000G}{subsection.4.1.5}% 81
\BOOKMARK [3][-]{subsubsection.4.1.5.2}{\376\377\000S\000e\000c\000u\000e\000n\000c\000i\000a\000:\000\040\000C\000a\000m\000b\000i\000o\000\040\000d\000e\000\040\000e\000s\000t\000a\000d\000o\000\040\000d\000e\000\040\000T\000F\000G}{subsection.4.1.5}% 82
\BOOKMARK [3][-]{subsubsection.4.1.5.3}{\376\377\000S\000e\000c\000u\000e\000n\000c\000i\000a\000:\000\040\000P\000r\000o\000g\000r\000a\000m\000a\000c\000i\000\363\000n\000\040\000d\000e\000\040\000d\000e\000f\000e\000n\000s\000a}{subsection.4.1.5}% 83
\BOOKMARK [1][-]{section.4.2}{\376\377\000G\000a\000r\000a\000n\000t\000\355\000a\000\040\000d\000e\000\040\000c\000a\000l\000i\000d\000a\000d}{chapter.4}% 84
\BOOKMARK [2][-]{subsection.4.2.1}{\376\377\000R\000e\000n\000d\000i\000m\000i\000e\000n\000t\000o}{section.4.2}% 85
\BOOKMARK [2][-]{subsection.4.2.2}{\376\377\000S\000e\000g\000u\000r\000i\000d\000a\000d}{section.4.2}% 86
\BOOKMARK [2][-]{subsection.4.2.3}{\376\377\000U\000s\000a\000b\000i\000l\000i\000d\000a\000d}{section.4.2}% 87
\BOOKMARK [2][-]{subsection.4.2.4}{\376\377\000C\000o\000n\000f\000i\000a\000b\000i\000l\000i\000d\000a\000d}{section.4.2}% 88
\BOOKMARK [2][-]{subsection.4.2.5}{\376\377\000I\000n\000t\000e\000r\000o\000p\000e\000r\000a\000b\000i\000l\000i\000d\000a\000d}{section.4.2}% 89
\BOOKMARK [2][-]{subsection.4.2.6}{\376\377\000O\000p\000e\000r\000a\000b\000i\000l\000i\000d\000a\000d}{section.4.2}% 90
\BOOKMARK [2][-]{subsection.4.2.7}{\376\377\000T\000r\000a\000n\000s\000f\000e\000r\000i\000b\000i\000l\000i\000d\000a\000d}{section.4.2}% 91
\BOOKMARK [2][-]{subsection.4.2.8}{\376\377\000E\000f\000i\000c\000i\000e\000n\000c\000i\000a}{section.4.2}% 92
\BOOKMARK [2][-]{subsection.4.2.9}{\376\377\000M\000a\000n\000t\000e\000n\000i\000b\000i\000l\000i\000d\000a\000d}{section.4.2}% 93
\BOOKMARK [1][-]{section.4.3}{\376\377\000G\000e\000s\000t\000i\000\363\000n\000\040\000d\000e\000l\000\040\000p\000r\000e\000s\000u\000p\000u\000e\000s\000t\000o}{chapter.4}% 94
\BOOKMARK [2][-]{subsection.4.3.1}{\376\377\000E\000s\000t\000r\000u\000c\000t\000u\000r\000a\000\040\000d\000e\000\040\000c\000o\000s\000t\000o\000s}{section.4.3}% 95
\BOOKMARK [3][-]{subsubsection.4.3.1.1}{\376\377\000C\000o\000s\000t\000o\000s\000\040\000d\000e\000\040\000d\000e\000s\000a\000r\000r\000o\000l\000l\000o}{subsection.4.3.1}% 96
\BOOKMARK [3][-]{subsubsection.4.3.1.2}{\376\377\000I\000n\000f\000r\000a\000e\000s\000t\000r\000u\000c\000t\000u\000r\000a\000\040\000y\000\040\000h\000e\000r\000r\000a\000m\000i\000e\000n\000t\000a\000s}{subsection.4.3.1}% 97
\BOOKMARK [3][-]{subsubsection.4.3.1.3}{\376\377\000C\000o\000s\000t\000o\000s\000\040\000d\000e\000\040\000p\000r\000o\000d\000u\000c\000c\000i\000\363\000n\000\040\000e\000s\000t\000i\000m\000a\000d\000o\000s}{subsection.4.3.1}% 98
\BOOKMARK [0][-]{chapter.5}{\376\377\000D\000i\000s\000e\000\361\000o}{}% 99
\BOOKMARK [1][-]{section.5.1}{\376\377\000A\000r\000q\000u\000i\000t\000e\000c\000t\000u\000r\000a\000\040\000f\000\355\000s\000i\000c\000a}{chapter.5}% 100
\BOOKMARK [2][-]{subsection.5.1.1}{\376\377\000M\000\363\000d\000u\000l\000o\000\040\000f\000r\000o\000n\000t\000e\000n\000d\000\040\000\050\000C\000a\000p\000a\000\040\000d\000e\000\040\000p\000r\000e\000s\000e\000n\000t\000a\000c\000i\000\363\000n\000\051}{section.5.1}% 101
\BOOKMARK [3][-]{subsubsection.5.1.1.1}{\376\377\000A\000r\000q\000u\000i\000t\000e\000c\000t\000u\000r\000a\000\040\000d\000e\000\040\000c\000o\000m\000p\000o\000n\000e\000n\000t\000e\000s\000\040\000R\000e\000a\000c\000t}{subsection.5.1.1}% 102
\BOOKMARK [2][-]{subsection.5.1.2}{\376\377\000M\000\363\000d\000u\000l\000o\000\040\000b\000a\000c\000k\000e\000n\000d\000\040\000\050\000C\000a\000p\000a\000\040\000d\000e\000\040\000l\000\363\000g\000i\000c\000a\000\040\000d\000e\000\040\000n\000e\000g\000o\000c\000i\000o\000\051}{section.5.1}% 103
\BOOKMARK [3][-]{subsubsection.5.1.2.1}{\376\377\000A\000r\000q\000u\000i\000t\000e\000c\000t\000u\000r\000a\000\040\000h\000e\000x\000a\000g\000o\000n\000a\000l}{subsection.5.1.2}% 104
\BOOKMARK [2][-]{subsection.5.1.3}{\376\377\000M\000\363\000d\000u\000l\000o\000\040\000d\000e\000\040\000b\000a\000s\000e\000\040\000d\000e\000\040\000d\000a\000t\000o\000s\000\040\000\050\000C\000a\000p\000a\000\040\000d\000e\000\040\000p\000e\000r\000s\000i\000s\000t\000e\000n\000c\000i\000a\000\051}{section.5.1}% 105
\BOOKMARK [3][-]{subsubsection.5.1.3.1}{\376\377\000E\000s\000t\000r\000a\000t\000e\000g\000i\000a\000\040\000d\000e\000\040\000p\000e\000r\000s\000i\000s\000t\000e\000n\000c\000i\000a}{subsection.5.1.3}% 106
\BOOKMARK [2][-]{subsection.5.1.4}{\376\377\000M\000\363\000d\000u\000l\000o\000\040\000d\000e\000\040\000a\000r\000c\000h\000i\000v\000o\000s\000\040\000\050\000A\000l\000m\000a\000c\000e\000n\000a\000m\000i\000e\000n\000t\000o\000\051}{section.5.1}% 107
\BOOKMARK [3][-]{subsubsection.5.1.4.1}{\376\377\000E\000s\000t\000r\000a\000t\000e\000g\000i\000a\000\040\000A\000l\000m\000a\000c\000e\000n\000a\000m\000i\000e\000n\000t\000o}{subsection.5.1.4}% 108
\BOOKMARK [1][-]{section.5.2}{\376\377\000A\000r\000q\000u\000i\000t\000e\000c\000t\000u\000r\000a\000\040\000l\000\363\000g\000i\000c\000a}{chapter.5}% 109
\BOOKMARK [2][-]{subsection.5.2.1}{\376\377\000C\000a\000p\000a\000\040\000d\000e\000\040\000p\000r\000e\000s\000e\000n\000t\000a\000c\000i\000\363\000n\000\040\000\050\000F\000r\000o\000n\000t\000e\000n\000d\000\051}{section.5.2}% 110
\BOOKMARK [3][-]{subsubsection.5.2.1.1}{\376\377\000P\000a\000t\000r\000\363\000n\000\040\000C\000o\000n\000t\000a\000i\000n\000e\000r\000/\000P\000r\000e\000s\000e\000n\000t\000a\000t\000i\000o\000n\000a\000l}{subsection.5.2.1}% 111
\BOOKMARK [3][-]{subsubsection.5.2.1.2}{\376\377\000C\000o\000n\000t\000r\000o\000l\000\040\000d\000e\000\040\000E\000s\000t\000a\000d\000o}{subsection.5.2.1}% 112
\BOOKMARK [2][-]{subsection.5.2.2}{\376\377\000C\000a\000p\000a\000\040\000d\000e\000\040\000l\000\363\000g\000i\000c\000a\000\040\000d\000e\000\040\000n\000e\000g\000o\000c\000i\000o\000\040\000\050\000B\000a\000c\000k\000e\000n\000d\000\051}{section.5.2}% 113
\BOOKMARK [3][-]{subsubsection.5.2.2.1}{\376\377\000D\000i\000s\000e\000\361\000o\000\040\000D\000o\000m\000a\000i\000n\000-\000D\000r\000i\000v\000e\000n}{subsection.5.2.2}% 114
\BOOKMARK [3][-]{subsubsection.5.2.2.2}{\376\377\000P\000a\000t\000r\000\363\000n\000\040\000S\000e\000r\000v\000i\000c\000e\000\040\000L\000a\000y\000e\000r}{subsection.5.2.2}% 115
\BOOKMARK [2][-]{subsection.5.2.3}{\376\377\000C\000a\000p\000a\000\040\000d\000e\000\040\000p\000e\000r\000s\000i\000s\000t\000e\000n\000c\000i\000a}{section.5.2}% 116
\BOOKMARK [3][-]{subsubsection.5.2.3.1}{\376\377\000P\000a\000t\000r\000\363\000n\000\040\000d\000e\000\040\000R\000e\000p\000o\000s\000i\000t\000o\000r\000i\000o}{subsection.5.2.3}% 117
\BOOKMARK [1][-]{section.5.3}{\376\377\000E\000s\000q\000u\000e\000m\000a\000\040\000d\000e\000\040\000l\000a\000\040\000b\000a\000s\000e\000\040\000d\000e\000\040\000d\000a\000t\000o\000s}{chapter.5}% 118
\BOOKMARK [2][-]{subsection.5.3.1}{\376\377\000M\000o\000d\000e\000l\000o\000\040\000c\000o\000n\000c\000e\000p\000t\000u\000a\000l}{section.5.3}% 119
\BOOKMARK [2][-]{subsection.5.3.2}{\376\377\000N\000o\000r\000m\000a\000l\000i\000z\000a\000c\000i\000\363\000n\000\040\000y\000\040\000c\000o\000n\000s\000t\000r\000a\000i\000n\000t\000s}{section.5.3}% 120
\BOOKMARK [3][-]{subsubsection.5.3.2.1}{\376\377\000T\000e\000r\000c\000e\000r\000a\000\040\000f\000o\000r\000m\000a\000\040\000n\000o\000r\000m\000a\000l\000\040\000\050\0003\000N\000F\000\051}{subsection.5.3.2}% 121
\BOOKMARK [3][-]{subsubsection.5.3.2.2}{\376\377\000C\000o\000n\000s\000t\000r\000a\000i\000n\000t\000s\000\040\000e\000\040\000i\000n\000t\000e\000g\000r\000i\000d\000a\000d\000\040\000r\000e\000f\000e\000r\000e\000n\000c\000i\000a\000l}{subsection.5.3.2}% 122
\BOOKMARK [2][-]{subsection.5.3.3}{\376\377\000\315\000n\000d\000i\000c\000e\000s\000\040\000d\000e\000\040\000r\000e\000n\000d\000i\000m\000i\000e\000n\000t\000o}{section.5.3}% 123
\BOOKMARK [3][-]{subsubsection.5.3.3.1}{\376\377\000\315\000n\000d\000i\000c\000e\000s\000\040\000p\000r\000i\000n\000c\000i\000p\000a\000l\000e\000s}{subsection.5.3.3}% 124
\BOOKMARK [3][-]{subsubsection.5.3.3.2}{\376\377\000A\000n\000\341\000l\000i\000s\000i\000s\000\040\000d\000e\000\040\000c\000o\000n\000s\000u\000l\000t\000a\000s}{subsection.5.3.3}% 125
\BOOKMARK [1][-]{section.5.4}{\376\377\000D\000i\000s\000e\000\361\000o\000\040\000d\000e\000\040\000l\000a\000\040\000i\000n\000t\000e\000r\000f\000a\000z\000\040\000d\000e\000\040\000u\000s\000u\000a\000r\000i\000o}{chapter.5}% 126
\BOOKMARK [2][-]{subsection.5.4.1}{\376\377\000I\000n\000t\000e\000r\000f\000a\000c\000e\000s\000\040\000d\000e\000\040\000u\000s\000u\000a\000r\000i\000o\000\040\000i\000m\000p\000l\000e\000m\000e\000n\000t\000a\000d\000a\000s}{section.5.4}% 127
\BOOKMARK [3][-]{subsubsection.5.4.1.1}{\376\377\000D\000a\000s\000h\000b\000o\000a\000r\000d\000\040\000d\000e\000\040\000E\000s\000t\000u\000d\000i\000a\000n\000t\000e}{subsection.5.4.1}% 128
\BOOKMARK [3][-]{subsubsection.5.4.1.2}{\376\377\000G\000e\000s\000t\000i\000\363\000n\000\040\000d\000e\000\040\000T\000F\000G\000\040\000-\000\040\000V\000i\000s\000t\000a\000\040\000d\000e\000\040\000E\000s\000t\000u\000d\000i\000a\000n\000t\000e}{subsection.5.4.1}% 129
\BOOKMARK [3][-]{subsubsection.5.4.1.3}{\376\377\000S\000i\000s\000t\000e\000m\000a\000\040\000d\000e\000\040\000N\000o\000t\000i\000f\000i\000c\000a\000c\000i\000o\000n\000e\000s}{subsection.5.4.1}% 130
\BOOKMARK [3][-]{subsubsection.5.4.1.4}{\376\377\000D\000a\000s\000h\000b\000o\000a\000r\000d\000\040\000d\000e\000\040\000P\000r\000o\000f\000e\000s\000o\000r}{subsection.5.4.1}% 131
\BOOKMARK [3][-]{subsubsection.5.4.1.5}{\376\377\000S\000i\000s\000t\000e\000m\000a\000\040\000d\000e\000\040\000E\000v\000a\000l\000u\000a\000c\000i\000\363\000n\000\040\000y\000\040\000F\000e\000e\000d\000b\000a\000c\000k}{subsection.5.4.1}% 132
\BOOKMARK [3][-]{subsubsection.5.4.1.6}{\376\377\000G\000e\000s\000t\000i\000\363\000n\000\040\000d\000e\000\040\000T\000r\000i\000b\000u\000n\000a\000l\000e\000s}{subsection.5.4.1}% 133
\BOOKMARK [3][-]{subsubsection.5.4.1.7}{\376\377\000C\000a\000l\000e\000n\000d\000a\000r\000i\000o\000\040\000d\000e\000\040\000D\000e\000f\000e\000n\000s\000a\000s}{subsection.5.4.1}% 134
\BOOKMARK [3][-]{subsubsection.5.4.1.8}{\376\377\000P\000a\000n\000e\000l\000\040\000d\000e\000\040\000A\000d\000m\000i\000n\000i\000s\000t\000r\000a\000c\000i\000\363\000n}{subsection.5.4.1}% 135
\BOOKMARK [3][-]{subsubsection.5.4.1.9}{\376\377\000G\000e\000s\000t\000i\000\363\000n\000\040\000d\000e\000\040\000U\000s\000u\000a\000r\000i\000o\000s}{subsection.5.4.1}% 136
\BOOKMARK [3][-]{subsubsection.5.4.1.10}{\376\377\000S\000i\000s\000t\000e\000m\000a\000\040\000d\000e\000\040\000R\000e\000p\000o\000r\000t\000e\000s\000\040\000y\000\040\000E\000s\000t\000a\000d\000\355\000s\000t\000i\000c\000a\000s}{subsection.5.4.1}% 137
\BOOKMARK [0][-]{chapter.6}{\376\377\000I\000m\000p\000l\000e\000m\000e\000n\000t\000a\000c\000i\000\363\000n}{}% 138
\BOOKMARK [1][-]{section.6.1}{\376\377\000A\000r\000q\000u\000i\000t\000e\000c\000t\000u\000r\000a\000\040\000d\000e\000\040\000c\000o\000m\000p\000o\000n\000e\000n\000t\000e\000s\000\040\000R\000e\000a\000c\000t}{chapter.6}% 139
\BOOKMARK [2][-]{subsection.6.1.1}{\376\377\000O\000r\000g\000a\000n\000i\000z\000a\000c\000i\000\363\000n\000\040\000m\000o\000d\000u\000l\000a\000r\000\040\000d\000e\000l\000\040\000p\000r\000o\000y\000e\000c\000t\000o}{section.6.1}% 140
\BOOKMARK [2][-]{subsection.6.1.2}{\376\377\000S\000i\000s\000t\000e\000m\000a\000\040\000d\000e\000\040\000a\000u\000t\000e\000n\000t\000i\000c\000a\000c\000i\000\363\000n\000\040\000y\000\040\000a\000u\000t\000o\000r\000i\000z\000a\000c\000i\000\363\000n}{section.6.1}% 141
\BOOKMARK [3][-]{subsubsection.6.1.2.1}{\376\377\000G\000e\000s\000t\000i\000\363\000n\000\040\000d\000e\000\040\000e\000s\000t\000a\000d\000o\000\040\000c\000o\000n\000\040\000A\000u\000t\000h\000C\000o\000n\000t\000e\000x\000t}{subsection.6.1.2}% 142
\BOOKMARK [3][-]{subsubsection.6.1.2.2}{\376\377\000P\000r\000o\000t\000e\000c\000c\000i\000\363\000n\000\040\000d\000e\000\040\000r\000u\000t\000a\000s\000\040\000p\000o\000r\000\040\000r\000o\000l\000e\000s}{subsection.6.1.2}% 143
\BOOKMARK [2][-]{subsection.6.1.3}{\376\377\000H\000o\000o\000k\000s\000\040\000p\000e\000r\000s\000o\000n\000a\000l\000i\000z\000a\000d\000o\000s\000\040\000p\000a\000r\000a\000\040\000l\000\363\000g\000i\000c\000a\000\040\000d\000e\000\040\000n\000e\000g\000o\000c\000i\000o}{section.6.1}% 144
\BOOKMARK [3][-]{subsubsection.6.1.3.1}{\376\377\000P\000a\000t\000r\000\363\000n\000\040\000d\000e\000\040\000g\000e\000s\000t\000i\000\363\000n\000\040\000d\000e\000\040\000e\000n\000t\000i\000d\000a\000d\000e\000s\000\040\000c\000o\000n\000\040\000u\000s\000e\000T\000F\000G\000s}{subsection.6.1.3}% 145
\BOOKMARK [2][-]{subsection.6.1.4}{\376\377\000D\000a\000s\000h\000b\000o\000a\000r\000d\000\040\000a\000d\000a\000p\000t\000a\000t\000i\000v\000o\000\040\000p\000o\000r\000\040\000r\000o\000l\000e\000s}{section.6.1}% 146
\BOOKMARK [3][-]{subsubsection.6.1.4.1}{\376\377\000A\000r\000q\000u\000i\000t\000e\000c\000t\000u\000r\000a\000\040\000d\000e\000\040\000d\000a\000s\000h\000b\000o\000a\000r\000d\000\040\000d\000i\000n\000\341\000m\000i\000c\000o}{subsection.6.1.4}% 147
\BOOKMARK [1][-]{section.6.2}{\376\377\000I\000n\000t\000e\000g\000r\000a\000c\000i\000\363\000n\000\040\000B\000a\000c\000k\000e\000n\000d\000\040\000c\000o\000n\000\040\000S\000y\000m\000f\000o\000n\000y}{chapter.6}% 148
\BOOKMARK [2][-]{subsection.6.2.1}{\376\377\000A\000r\000q\000u\000i\000t\000e\000c\000t\000u\000r\000a\000\040\000d\000e\000\040\000s\000e\000g\000u\000r\000i\000d\000a\000d\000\040\000S\000y\000m\000f\000o\000n\000y}{section.6.2}% 149
\BOOKMARK [3][-]{subsubsection.6.2.1.1}{\376\377\000C\000o\000n\000f\000i\000g\000u\000r\000a\000c\000i\000\363\000n\000\040\000d\000e\000\040\000a\000u\000t\000e\000n\000t\000i\000c\000a\000c\000i\000\363\000n\000\040\000y\000\040\000a\000u\000t\000o\000r\000i\000z\000a\000c\000i\000\363\000n}{subsection.6.2.1}% 150
\BOOKMARK [3][-]{subsubsection.6.2.1.2}{\376\377\000A\000P\000I\000\040\000d\000e\000\040\000a\000u\000t\000e\000n\000t\000i\000c\000a\000c\000i\000\363\000n\000\040\000J\000W\000T}{subsection.6.2.1}% 151
\BOOKMARK [2][-]{subsection.6.2.2}{\376\377\000S\000i\000s\000t\000e\000m\000a\000\040\000d\000e\000\040\000a\000u\000t\000o\000r\000i\000z\000a\000c\000i\000\363\000n\000\040\000p\000o\000r\000\040\000r\000e\000c\000u\000r\000s\000o\000s\000\040\000c\000o\000n\000\040\000V\000o\000t\000e\000r\000s}{section.6.2}% 152
\BOOKMARK [1][-]{section.6.3}{\376\377\000G\000e\000s\000t\000i\000\363\000n\000\040\000d\000e\000\040\000e\000s\000t\000a\000d\000o\000\040\000c\000o\000n\000\040\000C\000o\000n\000t\000e\000x\000t\000\040\000A\000P\000I}{chapter.6}% 153
\BOOKMARK [2][-]{subsection.6.3.1}{\376\377\000S\000i\000s\000t\000e\000m\000a\000\040\000d\000e\000\040\000n\000o\000t\000i\000f\000i\000c\000a\000c\000i\000o\000n\000e\000s\000\040\000c\000e\000n\000t\000r\000a\000l\000i\000z\000a\000d\000o}{section.6.3}% 154
\BOOKMARK [1][-]{section.6.4}{\376\377\000A\000P\000I\000s\000\040\000R\000E\000S\000T\000\040\000y\000\040\000e\000n\000d\000p\000o\000i\000n\000t\000s}{chapter.6}% 155
\BOOKMARK [2][-]{subsection.6.4.1}{\376\377\000C\000o\000n\000t\000r\000o\000l\000a\000d\000o\000r\000\040\000d\000e\000\040\000g\000e\000s\000t\000i\000\363\000n\000\040\000d\000e\000\040\000T\000F\000G\000s}{section.6.4}% 156
\BOOKMARK [2][-]{subsection.6.4.2}{\376\377\000C\000a\000p\000a\000\040\000d\000e\000\040\000s\000e\000r\000v\000i\000c\000i\000o\000s\000\040\000a\000c\000a\000d\000\351\000m\000i\000c\000o\000s}{section.6.4}% 157
\BOOKMARK [1][-]{section.6.5}{\376\377\000S\000i\000s\000t\000e\000m\000a\000\040\000d\000e\000\040\000a\000r\000c\000h\000i\000v\000o\000s\000\040\000y\000\040\000s\000u\000b\000i\000d\000a\000\040\000d\000e\000\040\000d\000o\000c\000u\000m\000e\000n\000t\000o\000s}{chapter.6}% 158
\BOOKMARK [2][-]{subsection.6.5.1}{\376\377\000S\000e\000r\000v\000i\000c\000i\000o\000\040\000d\000e\000\040\000g\000e\000s\000t\000i\000\363\000n\000\040\000s\000e\000g\000u\000r\000a\000\040\000d\000e\000\040\000a\000r\000c\000h\000i\000v\000o\000s}{section.6.5}% 159
\BOOKMARK [1][-]{section.6.6}{\376\377\000S\000i\000s\000t\000e\000m\000a\000\040\000d\000e\000\040\000n\000o\000t\000i\000f\000i\000c\000a\000c\000i\000o\000n\000e\000s}{chapter.6}% 160
\BOOKMARK [2][-]{subsection.6.6.1}{\376\377\000S\000e\000r\000v\000i\000c\000i\000o\000\040\000d\000e\000\040\000n\000o\000t\000i\000f\000i\000c\000a\000c\000i\000o\000n\000e\000s\000\040\000c\000e\000n\000t\000r\000a\000l\000i\000z\000a\000d\000o}{section.6.6}% 161
\BOOKMARK [0][-]{chapter.7}{\376\377\000E\000n\000t\000r\000e\000g\000a\000\040\000d\000e\000l\000\040\000p\000r\000o\000d\000u\000c\000t\000o}{}% 162
\BOOKMARK [1][-]{section.7.1}{\376\377\000P\000r\000o\000d\000u\000c\000t\000o\000s\000\040\000e\000n\000t\000r\000e\000g\000a\000b\000l\000e\000s\000\040\000d\000e\000l\000\040\000s\000i\000s\000t\000e\000m\000a}{chapter.7}% 163
\BOOKMARK [2][-]{subsection.7.1.1}{\376\377\000A\000p\000l\000i\000c\000a\000c\000i\000\363\000n\000\040\000f\000r\000o\000n\000t\000e\000n\000d\000\040\000R\000e\000a\000c\000t}{section.7.1}% 164
\BOOKMARK [2][-]{subsection.7.1.2}{\376\377\000B\000a\000c\000k\000e\000n\000d\000\040\000A\000P\000I\000\040\000S\000y\000m\000f\000o\000n\000y}{section.7.1}% 165
\BOOKMARK [2][-]{subsection.7.1.3}{\376\377\000B\000a\000s\000e\000\040\000d\000e\000\040\000d\000a\000t\000o\000s\000\040\000y\000\040\000c\000o\000n\000f\000i\000g\000u\000r\000a\000c\000i\000\363\000n}{section.7.1}% 166
\BOOKMARK [2][-]{subsection.7.1.4}{\376\377\000D\000o\000c\000u\000m\000e\000n\000t\000a\000c\000i\000\363\000n\000\040\000t\000\351\000c\000n\000i\000c\000a\000\040\000c\000o\000m\000p\000l\000e\000t\000a}{section.7.1}% 167
\BOOKMARK [2][-]{subsection.7.1.5}{\376\377\000R\000e\000c\000u\000r\000s\000o\000s\000\040\000d\000e\000\040\000e\000v\000a\000l\000u\000a\000c\000i\000\363\000n\000\040\000y\000\040\000t\000e\000s\000t\000i\000n\000g}{section.7.1}% 168
\BOOKMARK [0][-]{chapter.8}{\376\377\000P\000r\000o\000c\000e\000s\000o\000s\000\040\000d\000e\000\040\000s\000o\000p\000o\000r\000t\000e\000\040\000y\000\040\000p\000r\000u\000e\000b\000a\000s}{}% 169
\BOOKMARK [1][-]{section.8.1}{\376\377\000G\000e\000s\000t\000i\000\363\000n\000\040\000y\000\040\000t\000o\000m\000a\000\040\000d\000e\000\040\000d\000e\000c\000i\000s\000i\000o\000n\000e\000s}{chapter.8}% 170
\BOOKMARK [2][-]{subsection.8.1.1}{\376\377\000M\000e\000t\000o\000d\000o\000l\000o\000g\000\355\000a\000\040\000d\000e\000\040\000g\000e\000s\000t\000i\000\363\000n\000\040\000d\000e\000l\000\040\000p\000r\000o\000y\000e\000c\000t\000o}{section.8.1}% 171
\BOOKMARK [3][-]{subsubsection.8.1.1.1}{\376\377\000E\000s\000t\000r\000u\000c\000t\000u\000r\000a\000\040\000d\000e\000\040\000t\000o\000m\000a\000\040\000d\000e\000\040\000d\000e\000c\000i\000s\000i\000o\000n\000e\000s}{subsection.8.1.1}% 172
\BOOKMARK [2][-]{subsection.8.1.2}{\376\377\000C\000o\000n\000t\000r\000o\000l\000\040\000d\000e\000\040\000v\000e\000r\000s\000i\000o\000n\000e\000s\000\040\000y\000\040\000c\000a\000m\000b\000i\000o\000s}{section.8.1}% 173
\BOOKMARK [3][-]{subsubsection.8.1.2.1}{\376\377\000E\000s\000t\000r\000a\000t\000e\000g\000i\000a\000\040\000d\000e\000\040\000b\000r\000a\000n\000c\000h\000i\000n\000g}{subsection.8.1.2}% 174
\BOOKMARK [1][-]{section.8.2}{\376\377\000G\000e\000s\000t\000i\000\363\000n\000\040\000d\000e\000\040\000r\000i\000e\000s\000g\000o\000s}{chapter.8}% 175
\BOOKMARK [2][-]{subsection.8.2.1}{\376\377\000A\000n\000\341\000l\000i\000s\000i\000s\000\040\000d\000e\000\040\000r\000i\000e\000s\000g\000o\000s}{section.8.2}% 176
\BOOKMARK [3][-]{subsubsection.8.2.1.1}{\376\377\000M\000a\000t\000r\000i\000z\000\040\000d\000e\000\040\000r\000i\000e\000s\000g\000o\000s\000\040\000i\000d\000e\000n\000t\000i\000f\000i\000c\000a\000d\000o\000s}{subsection.8.2.1}% 177
\BOOKMARK [2][-]{subsection.8.2.2}{\376\377\000P\000l\000a\000n\000\040\000d\000e\000\040\000c\000o\000n\000t\000i\000n\000g\000e\000n\000c\000i\000a}{section.8.2}% 178
\BOOKMARK [3][-]{subsubsection.8.2.2.1}{\376\377\000E\000s\000c\000e\000n\000a\000r\000i\000o\000s\000\040\000d\000e\000\040\000c\000o\000n\000t\000i\000n\000g\000e\000n\000c\000i\000a}{subsection.8.2.2}% 179
\BOOKMARK [1][-]{section.8.3}{\376\377\000V\000e\000r\000i\000f\000i\000c\000a\000c\000i\000\363\000n\000\040\000y\000\040\000v\000a\000l\000i\000d\000a\000c\000i\000\363\000n\000\040\000d\000e\000l\000\040\000s\000o\000f\000t\000w\000a\000r\000e}{chapter.8}% 180
\BOOKMARK [2][-]{subsection.8.3.1}{\376\377\000T\000e\000s\000t\000i\000n\000g\000\040\000d\000e\000l\000\040\000f\000r\000o\000n\000t\000e\000n\000d}{section.8.3}% 181
\BOOKMARK [3][-]{subsubsection.8.3.1.1}{\376\377\000T\000e\000s\000t\000i\000n\000g\000\040\000u\000n\000i\000t\000a\000r\000i\000o\000\040\000c\000o\000n\000\040\000V\000i\000t\000e\000s\000t}{subsection.8.3.1}% 182
\BOOKMARK [3][-]{subsubsection.8.3.1.2}{\376\377\000T\000e\000s\000t\000i\000n\000g\000\040\000d\000e\000\040\000h\000o\000o\000k\000s\000\040\000p\000e\000r\000s\000o\000n\000a\000l\000i\000z\000a\000d\000o\000s}{subsection.8.3.1}% 183
\BOOKMARK [3][-]{subsubsection.8.3.1.3}{\376\377\000T\000e\000s\000t\000i\000n\000g\000\040\000d\000e\000\040\000i\000n\000t\000e\000g\000r\000a\000c\000i\000\363\000n\000\040\000c\000o\000n\000\040\000R\000e\000a\000c\000t\000\040\000T\000e\000s\000t\000i\000n\000g\000\040\000L\000i\000b\000r\000a\000r\000y}{subsection.8.3.1}% 184
\BOOKMARK [2][-]{subsection.8.3.2}{\376\377\000T\000e\000s\000t\000i\000n\000g\000\040\000d\000e\000l\000\040\000b\000a\000c\000k\000e\000n\000d}{section.8.3}% 185
\BOOKMARK [3][-]{subsubsection.8.3.2.1}{\376\377\000T\000e\000s\000t\000i\000n\000g\000\040\000u\000n\000i\000t\000a\000r\000i\000o\000\040\000c\000o\000n\000\040\000P\000H\000P\000U\000n\000i\000t}{subsection.8.3.2}% 186
\BOOKMARK [3][-]{subsubsection.8.3.2.2}{\376\377\000T\000e\000s\000t\000i\000n\000g\000\040\000d\000e\000\040\000s\000e\000r\000v\000i\000c\000i\000o\000s}{subsection.8.3.2}% 187
\BOOKMARK [2][-]{subsection.8.3.3}{\376\377\000T\000e\000s\000t\000i\000n\000g\000\040\000d\000e\000\040\000A\000P\000I\000s\000\040\000R\000E\000S\000T}{section.8.3}% 188
\BOOKMARK [3][-]{subsubsection.8.3.3.1}{\376\377\000T\000e\000s\000t\000i\000n\000g\000\040\000f\000u\000n\000c\000i\000o\000n\000a\000l\000\040\000d\000e\000\040\000e\000n\000d\000p\000o\000i\000n\000t\000s}{subsection.8.3.3}% 189
\BOOKMARK [2][-]{subsection.8.3.4}{\376\377\000T\000e\000s\000t\000i\000n\000g\000\040\000d\000e\000\040\000s\000e\000g\000u\000r\000i\000d\000a\000d}{section.8.3}% 190
\BOOKMARK [3][-]{subsubsection.8.3.4.1}{\376\377\000L\000i\000s\000t\000a\000\040\000d\000e\000\040\000v\000e\000r\000i\000f\000i\000c\000a\000c\000i\000\363\000n\000\040\000d\000e\000\040\000p\000r\000u\000e\000b\000a\000s\000\040\000d\000e\000\040\000p\000e\000n\000e\000t\000r\000a\000c\000i\000\363\000n}{subsection.8.3.4}% 191
\BOOKMARK [1][-]{section.8.4}{\376\377\000V\000e\000r\000i\000f\000i\000c\000a\000c\000i\000\363\000n\000\040\000d\000e\000\040\000r\000e\000q\000u\000i\000s\000i\000t\000o\000s\000\040\000n\000o\000\040\000f\000u\000n\000c\000i\000o\000n\000a\000l\000e\000s}{chapter.8}% 192
\BOOKMARK [2][-]{subsection.8.4.1}{\376\377\000V\000e\000r\000i\000f\000i\000c\000a\000c\000i\000\363\000n\000\040\000d\000e\000\040\000r\000e\000n\000d\000i\000m\000i\000e\000n\000t\000o}{section.8.4}% 193
\BOOKMARK [2][-]{subsection.8.4.2}{\376\377\000V\000e\000r\000i\000f\000i\000c\000a\000c\000i\000\363\000n\000\040\000d\000e\000\040\000s\000e\000g\000u\000r\000i\000d\000a\000d}{section.8.4}% 194
\BOOKMARK [2][-]{subsection.8.4.3}{\376\377\000V\000e\000r\000i\000f\000i\000c\000a\000c\000i\000\363\000n\000\040\000d\000e\000\040\000c\000a\000l\000i\000d\000a\000d\000\040\000d\000e\000\040\000c\000\363\000d\000i\000g\000o}{section.8.4}% 195
\BOOKMARK [2][-]{subsection.8.4.4}{\376\377\000V\000e\000r\000i\000f\000i\000c\000a\000c\000i\000\363\000n\000\040\000d\000e\000\040\000u\000s\000a\000b\000i\000l\000i\000d\000a\000d}{section.8.4}% 196
\BOOKMARK [0][-]{chapter.9}{\376\377\000C\000o\000n\000c\000l\000u\000s\000i\000o\000n\000e\000s\000\040\000y\000\040\000t\000r\000a\000b\000a\000j\000o\000\040\000f\000u\000t\000u\000r\000o}{}% 197
\BOOKMARK [1][-]{section.9.1}{\376\377\000V\000a\000l\000o\000r\000a\000c\000i\000\363\000n\000\040\000d\000e\000l\000\040\000p\000r\000o\000y\000e\000c\000t\000o}{chapter.9}% 198
\BOOKMARK [1][-]{section.9.2}{\376\377\000C\000u\000m\000p\000l\000i\000m\000i\000e\000n\000t\000o\000\040\000d\000e\000\040\000l\000o\000s\000\040\000o\000b\000j\000e\000t\000i\000v\000o\000s\000\040\000p\000r\000o\000p\000u\000e\000s\000t\000o\000s}{chapter.9}% 199
\BOOKMARK [1][-]{section.9.3}{\376\377\000T\000r\000a\000b\000a\000j\000o\000\040\000f\000u\000t\000u\000r\000o}{chapter.9}% 200
\BOOKMARK [2][-]{subsection.9.3.1}{\376\377\000M\000e\000j\000o\000r\000a\000s\000\040\000a\000\040\000c\000o\000r\000t\000o\000\040\000p\000l\000a\000z\000o\000\040\000\050\0001\000-\0006\000\040\000m\000e\000s\000e\000s\000\051}{section.9.3}% 201
\BOOKMARK [3][-]{subsubsection.9.3.1.1}{\376\377\000S\000i\000s\000t\000e\000m\000a\000\040\000d\000e\000\040\000n\000o\000t\000i\000f\000i\000c\000a\000c\000i\000o\000n\000e\000s\000\040\000p\000o\000r\000\040\000e\000m\000a\000i\000l\000\040\000a\000v\000a\000n\000z\000a\000d\000o}{subsection.9.3.1}% 202
\BOOKMARK [3][-]{subsubsection.9.3.1.2}{\376\377\000M\000\351\000t\000r\000i\000c\000a\000s\000\040\000y\000\040\000a\000n\000a\000l\000\355\000t\000i\000c\000a\000s\000\040\000a\000v\000a\000n\000z\000a\000d\000a\000s}{subsection.9.3.1}% 203
\BOOKMARK [2][-]{subsection.9.3.2}{\376\377\000F\000u\000n\000c\000i\000o\000n\000a\000l\000i\000d\000a\000d\000e\000s\000\040\000d\000e\000\040\000m\000e\000d\000i\000a\000n\000o\000\040\000p\000l\000a\000z\000o\000\040\000\050\0006\000-\0001\0002\000\040\000m\000e\000s\000e\000s\000\051}{section.9.3}% 204
\BOOKMARK [3][-]{subsubsection.9.3.2.1}{\376\377\000S\000i\000s\000t\000e\000m\000a\000\040\000d\000e\000\040\000c\000o\000l\000a\000b\000o\000r\000a\000c\000i\000\363\000n\000\040\000a\000v\000a\000n\000z\000a\000d\000o}{subsection.9.3.2}% 205
\BOOKMARK [3][-]{subsubsection.9.3.2.2}{\376\377\000I\000n\000t\000e\000l\000i\000g\000e\000n\000c\000i\000a\000\040\000a\000r\000t\000i\000f\000i\000c\000i\000a\000l\000\040\000y\000\040\000a\000u\000t\000o\000m\000a\000t\000i\000z\000a\000c\000i\000\363\000n}{subsection.9.3.2}% 206
\BOOKMARK [3][-]{subsubsection.9.3.2.3}{\376\377\000A\000p\000l\000i\000c\000a\000c\000i\000\363\000n\000\040\000m\000\363\000v\000i\000l\000\040\000n\000a\000t\000i\000v\000a}{subsection.9.3.2}% 207
\BOOKMARK [2][-]{subsection.9.3.3}{\376\377\000E\000x\000p\000a\000n\000s\000i\000o\000n\000e\000s\000\040\000a\000\040\000l\000a\000r\000g\000o\000\040\000p\000l\000a\000z\000o\000\040\000\050\0001\000-\0002\000\040\000a\000\361\000o\000s\000\051}{section.9.3}% 208
\BOOKMARK [3][-]{subsubsection.9.3.3.1}{\376\377\000P\000l\000a\000t\000a\000f\000o\000r\000m\000a\000\040\000m\000u\000l\000t\000i\000-\000i\000n\000s\000t\000i\000t\000u\000c\000i\000o\000n\000a\000l}{subsection.9.3.3}% 209
\BOOKMARK [3][-]{subsubsection.9.3.3.2}{\376\377\000I\000n\000t\000e\000g\000r\000a\000c\000i\000\363\000n\000\040\000c\000o\000n\000\040\000s\000i\000s\000t\000e\000m\000a\000s\000\040\000a\000c\000a\000d\000\351\000m\000i\000c\000o\000s\000\040\000e\000x\000i\000s\000t\000e\000n\000t\000e\000s}{subsection.9.3.3}% 210
\BOOKMARK [3][-]{subsubsection.9.3.3.3}{\376\377\000M\000a\000r\000k\000e\000t\000p\000l\000a\000c\000e\000\040\000d\000e\000\040\000s\000e\000r\000v\000i\000c\000i\000o\000s\000\040\000a\000c\000a\000d\000\351\000m\000i\000c\000o\000s}{subsection.9.3.3}% 211
\BOOKMARK [2][-]{subsection.9.3.4}{\376\377\000I\000n\000n\000o\000v\000a\000c\000i\000o\000n\000e\000s\000\040\000t\000e\000c\000n\000o\000l\000\363\000g\000i\000c\000a\000s\000\040\000f\000u\000t\000u\000r\000a\000s}{section.9.3}% 212
\BOOKMARK [3][-]{subsubsection.9.3.4.1}{\376\377\000R\000e\000a\000l\000i\000d\000a\000d\000\040\000v\000i\000r\000t\000u\000a\000l\000\040\000p\000a\000r\000a\000\040\000d\000e\000f\000e\000n\000s\000a\000s}{subsection.9.3.4}% 213
\BOOKMARK [3][-]{subsubsection.9.3.4.2}{\376\377\000B\000l\000o\000c\000k\000c\000h\000a\000i\000n\000\040\000p\000a\000r\000a\000\040\000c\000e\000r\000t\000i\000f\000i\000c\000a\000c\000i\000o\000n\000e\000s}{subsection.9.3.4}% 214
\BOOKMARK [1][-]{section.9.4}{\376\377\000L\000e\000c\000c\000i\000o\000n\000e\000s\000\040\000a\000p\000r\000e\000n\000d\000i\000d\000a\000s}{chapter.9}% 215
\BOOKMARK [2][-]{subsection.9.4.1}{\376\377\000D\000e\000c\000i\000s\000i\000o\000n\000e\000s\000\040\000a\000r\000q\000u\000i\000t\000e\000c\000t\000\363\000n\000i\000c\000a\000s\000\040\000a\000c\000e\000r\000t\000a\000d\000a\000s}{section.9.4}% 216
\BOOKMARK [2][-]{subsection.9.4.2}{\376\377\000M\000e\000j\000o\000r\000e\000s\000\040\000p\000r\000\341\000c\000t\000i\000c\000a\000s\000\040\000i\000d\000e\000n\000t\000i\000f\000i\000c\000a\000d\000a\000s}{section.9.4}% 217
\BOOKMARK [1][-]{section.9.5}{\376\377\000R\000e\000f\000l\000e\000x\000i\000\363\000n\000\040\000f\000i\000n\000a\000l}{chapter.9}% 218
\BOOKMARK [0][-]{section.9.5}{\376\377\000B\000i\000b\000l\000i\000o\000g\000r\000a\000f\000\355\000a}{}% 219
\BOOKMARK [0][-]{chapter.10}{\376\377\000A\000n\000e\000x\000o\000\040\000A\000.\000\040\000M\000a\000n\000u\000a\000l\000\040\000d\000e\000\040\000i\000n\000s\000t\000a\000l\000a\000c\000i\000\363\000n}{}% 220
\BOOKMARK [1][-]{section.10.1}{\376\377\000A\000.\0001\000.\000\040\000R\000e\000q\000u\000i\000s\000i\000t\000o\000s\000\040\000d\000e\000l\000\040\000s\000i\000s\000t\000e\000m\000a}{chapter.10}% 221
\BOOKMARK [2][-]{subsection.10.1.1}{\376\377\000A\000.\0001\000.\0001\000.\000\040\000R\000e\000q\000u\000i\000s\000i\000t\000o\000s\000\040\000m\000\355\000n\000i\000m\000o\000s\000\040\000d\000e\000\040\000h\000a\000r\000d\000w\000a\000r\000e}{section.10.1}% 222
\BOOKMARK [2][-]{subsection.10.1.2}{\376\377\000A\000.\0001\000.\0002\000.\000\040\000R\000e\000q\000u\000i\000s\000i\000t\000o\000s\000\040\000d\000e\000\040\000s\000o\000f\000t\000w\000a\000r\000e}{section.10.1}% 223
\BOOKMARK [1][-]{section.10.2}{\376\377\000A\000.\0002\000.\000\040\000I\000n\000s\000t\000a\000l\000a\000c\000i\000\363\000n\000\040\000p\000a\000r\000a\000\040\000d\000e\000s\000a\000r\000r\000o\000l\000l\000o}{chapter.10}% 224
\BOOKMARK [2][-]{subsection.10.2.1}{\376\377\000A\000.\0002\000.\0001\000.\000\040\000C\000o\000n\000f\000i\000g\000u\000r\000a\000c\000i\000\363\000n\000\040\000i\000n\000i\000c\000i\000a\000l\000\040\000d\000e\000l\000\040\000p\000r\000o\000y\000e\000c\000t\000o}{section.10.2}% 225
\BOOKMARK [3][-]{subsubsection.10.2.1.1}{\376\377\000P\000a\000s\000o\000\040\0001\000:\000\040\000C\000l\000o\000n\000a\000r\000\040\000e\000l\000\040\000r\000e\000p\000o\000s\000i\000t\000o\000r\000i\000o}{subsection.10.2.1}% 226
\BOOKMARK [3][-]{subsubsection.10.2.1.2}{\376\377\000P\000a\000s\000o\000\040\0002\000:\000\040\000C\000o\000n\000f\000i\000g\000u\000r\000a\000r\000\040\000v\000a\000r\000i\000a\000b\000l\000e\000s\000\040\000d\000e\000\040\000e\000n\000t\000o\000r\000n\000o}{subsection.10.2.1}% 227
\BOOKMARK [2][-]{subsection.10.2.2}{\376\377\000A\000.\0002\000.\0002\000.\000\040\000C\000o\000n\000f\000i\000g\000u\000r\000a\000c\000i\000\363\000n\000\040\000c\000o\000n\000\040\000D\000D\000E\000V\000\040\000\050\000R\000e\000c\000o\000m\000e\000n\000d\000a\000d\000o\000\051}{section.10.2}% 228
\BOOKMARK [3][-]{subsubsection.10.2.2.1}{\376\377\000P\000a\000s\000o\000\040\0001\000:\000\040\000I\000n\000s\000t\000a\000l\000a\000c\000i\000\363\000n\000\040\000d\000e\000\040\000D\000D\000E\000V}{subsection.10.2.2}% 229
\BOOKMARK [3][-]{subsubsection.10.2.2.2}{\376\377\000P\000a\000s\000o\000\040\0002\000:\000\040\000C\000o\000n\000f\000i\000g\000u\000r\000a\000c\000i\000\363\000n\000\040\000i\000n\000i\000c\000i\000a\000l\000\040\000d\000e\000\040\000D\000D\000E\000V}{subsection.10.2.2}% 230
\BOOKMARK [3][-]{subsubsection.10.2.2.3}{\376\377\000P\000a\000s\000o\000\040\0003\000:\000\040\000C\000o\000n\000f\000i\000g\000u\000r\000a\000c\000i\000\363\000n\000\040\000e\000s\000p\000e\000c\000\355\000f\000i\000c\000a\000\040\000d\000e\000\040\000D\000D\000E\000V}{subsection.10.2.2}% 231
\BOOKMARK [3][-]{subsubsection.10.2.2.4}{\376\377\000P\000a\000s\000o\000\040\0004\000:\000\040\000I\000n\000i\000c\000i\000a\000r\000\040\000e\000l\000\040\000e\000n\000t\000o\000r\000n\000o\000\040\000D\000D\000E\000V}{subsection.10.2.2}% 232
\BOOKMARK [2][-]{subsection.10.2.3}{\376\377\000A\000.\0002\000.\0003\000.\000\040\000C\000o\000n\000f\000i\000g\000u\000r\000a\000c\000i\000\363\000n\000\040\000d\000e\000l\000\040\000f\000r\000o\000n\000t\000e\000n\000d}{section.10.2}% 233
\BOOKMARK [3][-]{subsubsection.10.2.3.1}{\376\377\000P\000a\000s\000o\000\040\0001\000:\000\040\000I\000n\000s\000t\000a\000l\000a\000c\000i\000\363\000n\000\040\000d\000e\000\040\000d\000e\000p\000e\000n\000d\000e\000n\000c\000i\000a\000s}{subsection.10.2.3}% 234
\BOOKMARK [3][-]{subsubsection.10.2.3.2}{\376\377\000P\000a\000s\000o\000\040\0002\000:\000\040\000C\000o\000n\000f\000i\000g\000u\000r\000a\000c\000i\000\363\000n\000\040\000d\000e\000\040\000h\000e\000r\000r\000a\000m\000i\000e\000n\000t\000a\000s\000\040\000d\000e\000\040\000d\000e\000s\000a\000r\000r\000o\000l\000l\000o}{subsection.10.2.3}% 235
\BOOKMARK [3][-]{subsubsection.10.2.3.3}{\376\377\000P\000a\000s\000o\000\040\0003\000:\000\040\000I\000n\000i\000c\000i\000a\000r\000\040\000s\000e\000r\000v\000i\000d\000o\000r\000\040\000d\000e\000\040\000d\000e\000s\000a\000r\000r\000o\000l\000l\000o}{subsection.10.2.3}% 236
\BOOKMARK [2][-]{subsection.10.2.4}{\376\377\000A\000.\0002\000.\0004\000.\000\040\000C\000o\000n\000f\000i\000g\000u\000r\000a\000c\000i\000\363\000n\000\040\000d\000e\000l\000\040\000b\000a\000c\000k\000e\000n\000d\000\040\000\050\000S\000y\000m\000f\000o\000n\000y\000\051}{section.10.2}% 237
\BOOKMARK [3][-]{subsubsection.10.2.4.1}{\376\377\000P\000a\000s\000o\000\040\0001\000:\000\040\000I\000n\000s\000t\000a\000l\000a\000c\000i\000\363\000n\000\040\000d\000e\000\040\000C\000o\000m\000p\000o\000s\000e\000r\000\040\000y\000\040\000d\000e\000p\000e\000n\000d\000e\000n\000c\000i\000a\000s}{subsection.10.2.4}% 238
\BOOKMARK [3][-]{subsubsection.10.2.4.2}{\376\377\000P\000a\000s\000o\000\040\0002\000:\000\040\000C\000o\000n\000f\000i\000g\000u\000r\000a\000c\000i\000\363\000n\000\040\000d\000e\000\040\000l\000a\000\040\000b\000a\000s\000e\000\040\000d\000e\000\040\000d\000a\000t\000o\000s}{subsection.10.2.4}% 239
\BOOKMARK [3][-]{subsubsection.10.2.4.3}{\376\377\000P\000a\000s\000o\000\040\0003\000:\000\040\000G\000e\000n\000e\000r\000a\000r\000\040\000c\000l\000a\000v\000e\000s\000\040\000J\000W\000T}{subsection.10.2.4}% 240
\BOOKMARK [3][-]{subsubsection.10.2.4.4}{\376\377\000P\000a\000s\000o\000\040\0004\000:\000\040\000C\000o\000n\000f\000i\000g\000u\000r\000a\000r\000\040\000c\000a\000c\000h\000\351\000\040\000y\000\040\000l\000o\000g\000s}{subsection.10.2.4}% 241
\BOOKMARK [1][-]{section.10.3}{\376\377\000A\000.\0003\000.\000\040\000C\000o\000n\000f\000i\000g\000u\000r\000a\000c\000i\000\363\000n\000\040\000d\000e\000\040\000l\000a\000\040\000b\000a\000s\000e\000\040\000d\000e\000\040\000d\000a\000t\000o\000s}{chapter.10}% 242
\BOOKMARK [2][-]{subsection.10.3.1}{\376\377\000A\000.\0003\000.\0001\000.\000\040\000C\000o\000n\000f\000i\000g\000u\000r\000a\000c\000i\000\363\000n\000\040\000d\000e\000\040\000M\000y\000S\000Q\000L}{section.10.3}% 243
\BOOKMARK [3][-]{subsubsection.10.3.1.1}{\376\377\000O\000p\000c\000i\000\363\000n\000\040\000A\000:\000\040\000U\000s\000a\000n\000d\000o\000\040\000D\000D\000E\000V\000\040\000\050\000R\000e\000c\000o\000m\000e\000n\000d\000a\000d\000o\000\051}{subsection.10.3.1}% 244
\BOOKMARK [3][-]{subsubsection.10.3.1.2}{\376\377\000O\000p\000c\000i\000\363\000n\000\040\000B\000:\000\040\000M\000y\000S\000Q\000L\000\040\000l\000o\000c\000a\000l}{subsection.10.3.1}% 245
\BOOKMARK [2][-]{subsection.10.3.2}{\376\377\000A\000.\0003\000.\0002\000.\000\040\000E\000s\000q\000u\000e\000m\000a\000\040\000i\000n\000i\000c\000i\000a\000l\000\040\000d\000e\000\040\000l\000a\000\040\000b\000a\000s\000e\000\040\000d\000e\000\040\000d\000a\000t\000o\000s}{section.10.3}% 246
\BOOKMARK [2][-]{subsection.10.3.3}{\376\377\000A\000.\0003\000.\0003\000.\000\040\000D\000a\000t\000o\000s\000\040\000d\000e\000\040\000p\000r\000u\000e\000b\000a}{section.10.3}% 247
\BOOKMARK [1][-]{section.10.4}{\376\377\000A\000.\0004\000.\000\040\000C\000o\000n\000f\000i\000g\000u\000r\000a\000c\000i\000\363\000n\000\040\000d\000e\000\040\000d\000e\000s\000a\000r\000r\000o\000l\000l\000o\000\040\000a\000v\000a\000n\000z\000a\000d\000a}{chapter.10}% 248
\BOOKMARK [2][-]{subsection.10.4.1}{\376\377\000A\000.\0004\000.\0001\000.\000\040\000D\000e\000b\000u\000g\000g\000i\000n\000g\000\040\000y\000\040\000l\000o\000g\000s}{section.10.4}% 249
\BOOKMARK [3][-]{subsubsection.10.4.1.1}{\376\377\000C\000o\000n\000f\000i\000g\000u\000r\000a\000c\000i\000\363\000n\000\040\000d\000e\000\040\000X\000d\000e\000b\000u\000g\000\040\000\050\000P\000H\000P\000\051}{subsection.10.4.1}% 250
\BOOKMARK [3][-]{subsubsection.10.4.1.2}{\376\377\000C\000o\000n\000f\000i\000g\000u\000r\000a\000c\000i\000\363\000n\000\040\000d\000e\000\040\000l\000o\000g\000s}{subsection.10.4.1}% 251
\BOOKMARK [2][-]{subsection.10.4.2}{\376\377\000A\000.\0004\000.\0002\000.\000\040\000T\000e\000s\000t\000i\000n\000g\000\040\000e\000n\000v\000i\000r\000o\000n\000m\000e\000n\000t}{section.10.4}% 252
\BOOKMARK [3][-]{subsubsection.10.4.2.1}{\376\377\000C\000o\000n\000f\000i\000g\000u\000r\000a\000c\000i\000\363\000n\000\040\000p\000a\000r\000a\000\040\000t\000e\000s\000t\000i\000n\000g\000\040\000d\000e\000l\000\040\000f\000r\000o\000n\000t\000e\000n\000d}{subsection.10.4.2}% 253
\BOOKMARK [3][-]{subsubsection.10.4.2.2}{\376\377\000C\000o\000n\000f\000i\000g\000u\000r\000a\000c\000i\000\363\000n\000\040\000p\000a\000r\000a\000\040\000t\000e\000s\000t\000i\000n\000g\000\040\000d\000e\000l\000\040\000b\000a\000c\000k\000e\000n\000d}{subsection.10.4.2}% 254
\BOOKMARK [2][-]{subsection.10.4.3}{\376\377\000A\000.\0004\000.\0003\000.\000\040\000H\000e\000r\000r\000a\000m\000i\000e\000n\000t\000a\000s\000\040\000d\000e\000\040\000d\000e\000s\000a\000r\000r\000o\000l\000l\000o\000\040\000a\000d\000i\000c\000i\000o\000n\000a\000l\000e\000s}{section.10.4}% 255
\BOOKMARK [3][-]{subsubsection.10.4.3.1}{\376\377\000G\000i\000t\000\040\000h\000o\000o\000k\000s\000\040\000p\000a\000r\000a\000\040\000c\000a\000l\000i\000d\000a\000d\000\040\000d\000e\000\040\000c\000\363\000d\000i\000g\000o}{subsection.10.4.3}% 256
\BOOKMARK [3][-]{subsubsection.10.4.3.2}{\376\377\000E\000x\000t\000e\000n\000s\000i\000o\000n\000e\000s\000\040\000r\000e\000c\000o\000m\000e\000n\000d\000a\000d\000a\000s\000\040\000d\000e\000\040\000V\000S\000\040\000C\000o\000d\000e}{subsection.10.4.3}% 257
\BOOKMARK [1][-]{section.10.5}{\376\377\000A\000.\0005\000.\000\040\000S\000o\000l\000u\000c\000i\000\363\000n\000\040\000d\000e\000\040\000p\000r\000o\000b\000l\000e\000m\000a\000s\000\040\000c\000o\000m\000u\000n\000e\000s}{chapter.10}% 258
\BOOKMARK [2][-]{subsection.10.5.1}{\376\377\000A\000.\0005\000.\0001\000.\000\040\000P\000r\000o\000b\000l\000e\000m\000a\000s\000\040\000d\000e\000\040\000D\000D\000E\000V}{section.10.5}% 259
\BOOKMARK [2][-]{subsection.10.5.2}{\376\377\000A\000.\0005\000.\0002\000.\000\040\000P\000r\000o\000b\000l\000e\000m\000a\000s\000\040\000d\000e\000l\000\040\000f\000r\000o\000n\000t\000e\000n\000d}{section.10.5}% 260
\BOOKMARK [2][-]{subsection.10.5.3}{\376\377\000A\000.\0005\000.\0003\000.\000\040\000P\000r\000o\000b\000l\000e\000m\000a\000s\000\040\000d\000e\000l\000\040\000b\000a\000c\000k\000e\000n\000d}{section.10.5}% 261
\BOOKMARK [2][-]{subsection.10.5.4}{\376\377\000A\000.\0005\000.\0004\000.\000\040\000P\000r\000o\000b\000l\000e\000m\000a\000s\000\040\000d\000e\000\040\000r\000e\000n\000d\000i\000m\000i\000e\000n\000t\000o}{section.10.5}% 262
\BOOKMARK [1][-]{section.10.6}{\376\377\000A\000.\0006\000.\000\040\000C\000o\000m\000a\000n\000d\000o\000s\000\040\000\372\000t\000i\000l\000e\000s\000\040\000d\000e\000\040\000d\000e\000s\000a\000r\000r\000o\000l\000l\000o}{chapter.10}% 263
\BOOKMARK [2][-]{subsection.10.6.1}{\376\377\000A\000.\0006\000.\0001\000.\000\040\000C\000o\000m\000a\000n\000d\000o\000s\000\040\000D\000D\000E\000V\000\040\000f\000r\000e\000c\000u\000e\000n\000t\000e\000s}{section.10.6}% 264
\BOOKMARK [2][-]{subsection.10.6.2}{\376\377\000A\000.\0006\000.\0002\000.\000\040\000C\000o\000m\000a\000n\000d\000o\000s\000\040\000d\000e\000l\000\040\000f\000r\000o\000n\000t\000e\000n\000d}{section.10.6}% 265
\BOOKMARK [2][-]{subsection.10.6.3}{\376\377\000A\000.\0006\000.\0003\000.\000\040\000C\000o\000m\000a\000n\000d\000o\000s\000\040\000d\000e\000l\000\040\000b\000a\000c\000k\000e\000n\000d}{section.10.6}% 266
\BOOKMARK [1][-]{section.10.7}{\376\377\000A\000.\0007\000.\000\040\000V\000e\000r\000i\000f\000i\000c\000a\000c\000i\000\363\000n\000\040\000d\000e\000\040\000l\000a\000\040\000i\000n\000s\000t\000a\000l\000a\000c\000i\000\363\000n}{chapter.10}% 267
\BOOKMARK [2][-]{subsection.10.7.1}{\376\377\000A\000.\0007\000.\0001\000.\000\040\000C\000h\000e\000c\000k\000l\000i\000s\000t\000\040\000d\000e\000\040\000v\000e\000r\000i\000f\000i\000c\000a\000c\000i\000\363\000n}{section.10.7}% 268
\BOOKMARK [2][-]{subsection.10.7.2}{\376\377\000A\000.\0007\000.\0002\000.\000\040\000S\000c\000r\000i\000p\000t\000\040\000d\000e\000\040\000v\000e\000r\000i\000f\000i\000c\000a\000c\000i\000\363\000n\000\040\000a\000u\000t\000o\000m\000a\000t\000i\000z\000a\000d\000a}{section.10.7}% 269
